<?xml version="1.0" encoding="UTF-8"?>
<!-- Generated by org.testng.reporters.JUnitReportReporter -->
<testsuite hostname="DESKTOP-0IRRNAO" failures="0" tests="2" name="com.ictak.scripts.EmployeeRegistration" time="22.511" errors="0" timestamp="2022-03-19T09:15:40 IST" skipped="0">
  <testcase classname="com.ictak.scripts.EmployeeRegistration" name="verifyEmployeeRegistrationPositive" time="19.266"/>
  <system-out/>
  <testcase classname="com.ictak.scripts.EmployeeRegistration" name="verifyEmployeeRegistrationNull" time="3.245"/>
  <system-out/>
</testsuite> <!-- com.ictak.scripts.EmployeeRegistration -->
