<?xml version="1.0" encoding="UTF-8"?>
<!-- Generated by org.testng.reporters.JUnitReportReporter -->
<testsuite hostname="DESKTOP-0IRRNAO" failures="0" tests="5" name="com.ictak.scripts.EmployeePasswordValidationPage" time="1.367" errors="0" timestamp="2022-03-19T09:15:40 IST" skipped="0">
  <testcase classname="com.ictak.scripts.EmployeePasswordValidationPage" name="verifyEmployeePasswordPositive" time="0.419"/>
  <system-out/>
  <testcase classname="com.ictak.scripts.EmployeePasswordValidationPage" name="verifyEmployeePasswordNegative1" time="0.268"/>
  <system-out/>
  <testcase classname="com.ictak.scripts.EmployeePasswordValidationPage" name="verifyEmployeePasswordNegative2" time="0.231"/>
  <system-out/>
  <testcase classname="com.ictak.scripts.EmployeePasswordValidationPage" name="verifyEmployeePasswordNegative3" time="0.236"/>
  <system-out/>
  <testcase classname="com.ictak.scripts.EmployeePasswordValidationPage" name="verifyEmployeePasswordNegative4" time="0.213"/>
  <system-out/>
</testsuite> <!-- com.ictak.scripts.EmployeePasswordValidationPage -->
