<?xml version="1.0" encoding="UTF-8"?>
<!-- Generated by org.testng.reporters.JUnitReportReporter -->
<testsuite hostname="DESKTOP-0IRRNAO" failures="0" tests="2" name="com.ictak.scripts.Adminaddcourse1" time="9.978" errors="0" timestamp="2022-03-19T09:15:40 IST" skipped="0">
  <testcase classname="com.ictak.scripts.Adminaddcourse1" name="verifyAdminaddcoursebutton" time="0.896"/>
  <system-out/>
  <testcase classname="com.ictak.scripts.Adminaddcourse1" name="verifyaddAdmincourseepage" time="9.082"/>
  <system-out/>
</testsuite> <!-- com.ictak.scripts.Adminaddcourse1 -->
