<?xml version="1.0" encoding="UTF-8"?>
<!-- Generated by org.testng.reporters.JUnitReportReporter -->
<testsuite hostname="DESKTOP-0IRRNAO" failures="0" tests="2" name="com.ictak.scripts.AdminCourse" time="1.395" errors="0" timestamp="2022-03-19T09:15:40 IST" skipped="0">
  <testcase classname="com.ictak.scripts.AdminCourse" name="verifyAdmincourseepage" time="0.615"/>
  <system-out/>
  <testcase classname="com.ictak.scripts.AdminCourse" name="verifyAdminSpecificcourse" time="0.780"/>
  <system-out/>
</testsuite> <!-- com.ictak.scripts.AdminCourse -->
