<?xml version="1.0" encoding="UTF-8"?>
<!-- Generated by org.testng.reporters.JUnitReportReporter -->
<testsuite hostname="DESKTOP-0IRRNAO" failures="0" tests="2" name="com.ictak.scripts.EmployeeEmailValidationPage" time="1.566" errors="0" timestamp="2022-03-19T09:15:40 IST" skipped="0">
  <testcase classname="com.ictak.scripts.EmployeeEmailValidationPage" name="verifyEmployeeEmailPositive" time="0.442"/>
  <system-out/>
  <testcase classname="com.ictak.scripts.EmployeeEmailValidationPage" name="verifyEmployeeEmailNegative" time="1.124"/>
  <system-out/>
</testsuite> <!-- com.ictak.scripts.EmployeeEmailValidationPage -->
